DEPRECATION WARNING: [] is deprecated and will be removed from Rails 6.2 (Use configs_for) (called from migration_template at (erb):6)
DEPRECATION WARNING: [] is deprecated and will be removed from Rails 6.2 (Use configs_for) (called from migration_template at (erb):6)
DEPRECATION WARNING: [] is deprecated and will be removed from Rails 6.2 (Use configs_for) (called from <main> at /home/che/Desktop/microverse rails projects/Members-Only-Project/bin/rails:5)
DEPRECATION WARNING: [] is deprecated and will be removed from Rails 6.2 (Use configs_for) (called from <main> at /home/che/Desktop/microverse rails projects/Members-Only-Project/bin/rails:5)
DEPRECATION WARNING: [] is deprecated and will be removed from Rails 6.2 (Use configs_for) (called from <main> at /home/che/Desktop/microverse rails projects/Members-Only-Project/bin/rails:5)
DEPRECATION WARNING: [] is deprecated and will be removed from Rails 6.2 (Use configs_for) (called from <main> at /home/che/Desktop/microverse rails projects/Members-Only-Project/bin/rails:5)
DEPRECATION WARNING: [] is deprecated and will be removed from Rails 6.2 (Use configs_for) (called from <main> at /home/che/Desktop/microverse rails projects/Members-Only-Project/bin/rails:5)
  [1m[35m (3.1ms)[0m  [1m[34mSELECT sqlite_version(*)[0m
  [1m[35m (126.1ms)[0m  [1m[35mCREATE TABLE "schema_migrations" ("version" varchar NOT NULL PRIMARY KEY)[0m
  [1m[35m (137.5ms)[0m  [1m[35mCREATE TABLE "ar_internal_metadata" ("key" varchar NOT NULL PRIMARY KEY, "value" varchar, "created_at" datetime(6) NOT NULL, "updated_at" datetime(6) NOT NULL)[0m
  [1m[35m (0.3ms)[0m  [1m[34mSELECT "schema_migrations"."version" FROM "schema_migrations" ORDER BY "schema_migrations"."version" ASC[0m
Migrating to DeviseCreateUsers (20201218173340)
  [1m[36mTRANSACTION (0.1ms)[0m  [1m[36mbegin transaction[0m
  [1m[35m (0.7ms)[0m  [1m[35mCREATE TABLE "users" ("id" integer PRIMARY KEY AUTOINCREMENT NOT NULL, "email" varchar DEFAULT '' NOT NULL, "encrypted_password" varchar DEFAULT '' NOT NULL, "reset_password_token" varchar, "reset_password_sent_at" datetime, "remember_created_at" datetime, "created_at" datetime(6) NOT NULL, "updated_at" datetime(6) NOT NULL)[0m
  [1m[35m (0.5ms)[0m  [1m[35mCREATE UNIQUE INDEX "index_users_on_email" ON "users" ("email")[0m
  [1m[35m (0.3ms)[0m  [1m[35mCREATE UNIQUE INDEX "index_users_on_reset_password_token" ON "users" ("reset_password_token")[0m
  [1m[36mActiveRecord::SchemaMigration Create (0.4ms)[0m  [1m[32mINSERT INTO "schema_migrations" ("version") VALUES (?)[0m  [["version", "20201218173340"]]
  [1m[36mTRANSACTION (132.3ms)[0m  [1m[36mcommit transaction[0m
  [1m[36mActiveRecord::InternalMetadata Load (0.3ms)[0m  [1m[34mSELECT "ar_internal_metadata".* FROM "ar_internal_metadata" WHERE "ar_internal_metadata"."key" = ? LIMIT ?[0m  [["key", "environment"], ["LIMIT", 1]]
  [1m[36mTRANSACTION (0.1ms)[0m  [1m[36mbegin transaction[0m
  [1m[36mActiveRecord::InternalMetadata Create (0.5ms)[0m  [1m[32mINSERT INTO "ar_internal_metadata" ("key", "value", "created_at", "updated_at") VALUES (?, ?, ?, ?)[0m  [["key", "environment"], ["value", "development"], ["created_at", "2020-12-18 17:33:55.699116"], ["updated_at", "2020-12-18 17:33:55.699116"]]
  [1m[36mTRANSACTION (113.7ms)[0m  [1m[36mcommit transaction[0m
  [1m[35m (0.1ms)[0m  [1m[34mSELECT sqlite_version(*)[0m
  [1m[35m (0.2ms)[0m  [1m[34mSELECT "schema_migrations"."version" FROM "schema_migrations" ORDER BY "schema_migrations"."version" ASC[0m
  [1m[35m (0.9ms)[0m  [1m[34mSELECT sqlite_version(*)[0m
  [1m[35m (0.3ms)[0m  [1m[34mSELECT "schema_migrations"."version" FROM "schema_migrations" ORDER BY "schema_migrations"."version" ASC[0m
Migrating to CreatePosts (20201218173629)
  [1m[36mTRANSACTION (0.2ms)[0m  [1m[36mbegin transaction[0m
  [1m[35m (2.1ms)[0m  [1m[35mCREATE TABLE "posts" ("id" integer PRIMARY KEY AUTOINCREMENT NOT NULL, "title" varchar, "body" text, "created_at" datetime(6) NOT NULL, "updated_at" datetime(6) NOT NULL)[0m
  [1m[36mActiveRecord::SchemaMigration Create (0.3ms)[0m  [1m[32mINSERT INTO "schema_migrations" ("version") VALUES (?)[0m  [["version", "20201218173629"]]
  [1m[36mTRANSACTION (119.2ms)[0m  [1m[36mcommit transaction[0m
  [1m[36mActiveRecord::InternalMetadata Load (0.3ms)[0m  [1m[34mSELECT "ar_internal_metadata".* FROM "ar_internal_metadata" WHERE "ar_internal_metadata"."key" = ? LIMIT ?[0m  [["key", "environment"], ["LIMIT", 1]]
  [1m[35m (0.3ms)[0m  [1m[34mSELECT sqlite_version(*)[0m
  [1m[35m (0.3ms)[0m  [1m[34mSELECT "schema_migrations"."version" FROM "schema_migrations" ORDER BY "schema_migrations"."version" ASC[0m
Started GET "/" for ::1 at 2020-12-18 18:37:12 +0100
  [1m[35m (1.3ms)[0m  [1m[34mSELECT sqlite_version(*)[0m
  [1m[35m (0.3ms)[0m  [1m[34mSELECT "schema_migrations"."version" FROM "schema_migrations" ORDER BY "schema_migrations"."version" ASC[0m
Processing by PostsController#index as HTML
  Rendering layout layouts/application.html.erb
  Rendering posts/index.html.erb within layouts/application
  [1m[36mPost Load (0.3ms)[0m  [1m[34mSELECT "posts".* FROM "posts"[0m
  ↳ app/views/posts/index.html.erb:15
  Rendered posts/index.html.erb within layouts/application (Duration: 5.3ms | Allocations: 1251)
[Webpacker] Compiling...
Started GET "/" for ::1 at 2020-12-18 18:37:22 +0100
Processing by PostsController#index as HTML
  Rendering layout layouts/application.html.erb
  Rendering posts/index.html.erb within layouts/application
  [1m[35m (0.2ms)[0m  [1m[34mSELECT sqlite_version(*)[0m
  ↳ app/views/posts/index.html.erb:15
  [1m[36mPost Load (0.3ms)[0m  [1m[34mSELECT "posts".* FROM "posts"[0m
  ↳ app/views/posts/index.html.erb:15
  Rendered posts/index.html.erb within layouts/application (Duration: 11.9ms | Allocations: 1453)
[Webpacker] Compiling...
[Webpacker] Compiled all packs in /home/che/Desktop/microverse rails projects/Members-Only-Project/public/packs
[Webpacker] Hash: 415a948d492e21802f43
Version: webpack 4.44.2
Time: 10218ms
Built at: 18/12/2020 18:37:36
                                     Asset       Size       Chunks                         Chunk Names
    js/application-d5a3c3b4dce84b5eb605.js    125 KiB  application  [emitted] [immutable]  application
js/application-d5a3c3b4dce84b5eb605.js.map    139 KiB  application  [emitted] [dev]        application
                             manifest.json  364 bytes               [emitted]              
Entrypoint application = js/application-d5a3c3b4dce84b5eb605.js js/application-d5a3c3b4dce84b5eb605.js.map
[./app/javascript/channels sync recursive _channel\.js$] ./app/javascript/channels sync _channel\.js$ 160 bytes {application} [built]
[./app/javascript/channels/index.js] 211 bytes {application} [built]
[./app/javascript/packs/application.js] 492 bytes {application} [built]
[./node_modules/webpack/buildin/module.js] (webpack)/buildin/module.js 552 bytes {application} [built]
    + 3 hidden modules

  Rendered layout layouts/application.html.erb (Duration: 24621.0ms | Allocations: 32511)
Completed 200 OK in 24706ms (Views: 24650.4ms | ActiveRecord: 0.3ms | Allocations: 39201)


[Webpacker] Compiled all packs in /home/che/Desktop/microverse rails projects/Members-Only-Project/public/packs
[Webpacker] Hash: 415a948d492e21802f43
Version: webpack 4.44.2
Time: 9035ms
Built at: 18/12/2020 18:37:36
                                     Asset       Size       Chunks                         Chunk Names
    js/application-d5a3c3b4dce84b5eb605.js    125 KiB  application  [emitted] [immutable]  application
js/application-d5a3c3b4dce84b5eb605.js.map    139 KiB  application  [emitted] [dev]        application
                             manifest.json  364 bytes               [emitted]              
Entrypoint application = js/application-d5a3c3b4dce84b5eb605.js js/application-d5a3c3b4dce84b5eb605.js.map
[./app/javascript/channels sync recursive _channel\.js$] ./app/javascript/channels sync _channel\.js$ 160 bytes {application} [built]
[./app/javascript/channels/index.js] 211 bytes {application} [built]
[./app/javascript/packs/application.js] 492 bytes {application} [built]
[./node_modules/webpack/buildin/module.js] (webpack)/buildin/module.js 552 bytes {application} [built]
    + 3 hidden modules

  Rendered layout layouts/application.html.erb (Duration: 15177.7ms | Allocations: 9878)
Completed 200 OK in 15182ms (Views: 15177.6ms | ActiveRecord: 1.1ms | Allocations: 13002)


Started GET "/users/sign_up" for ::1 at 2020-12-18 18:37:48 +0100
Processing by Devise::RegistrationsController#new as HTML
  Rendering layout layouts/application.html.erb
  Rendering /home/che/.rbenv/versions/2.7.1/lib/ruby/gems/2.7.0/gems/devise-4.7.3/app/views/devise/registrations/new.html.erb within layouts/application
  Rendered /home/che/.rbenv/versions/2.7.1/lib/ruby/gems/2.7.0/gems/devise-4.7.3/app/views/devise/shared/_error_messages.html.erb (Duration: 1.2ms | Allocations: 229)
  Rendered /home/che/.rbenv/versions/2.7.1/lib/ruby/gems/2.7.0/gems/devise-4.7.3/app/views/devise/shared/_links.html.erb (Duration: 3.9ms | Allocations: 534)
  Rendered /home/che/.rbenv/versions/2.7.1/lib/ruby/gems/2.7.0/gems/devise-4.7.3/app/views/devise/registrations/new.html.erb within layouts/application (Duration: 139.1ms | Allocations: 7714)
[Webpacker] Everything's up-to-date. Nothing to do
  Rendered layout layouts/application.html.erb (Duration: 155.2ms | Allocations: 11073)
Completed 200 OK in 300ms (Views: 270.9ms | ActiveRecord: 1.6ms | Allocations: 17261)


Started GET "/" for ::1 at 2020-12-18 18:37:54 +0100
Processing by PostsController#index as HTML
  Rendering layout layouts/application.html.erb
  Rendering posts/index.html.erb within layouts/application
  [1m[36mPost Load (0.1ms)[0m  [1m[34mSELECT "posts".* FROM "posts"[0m
  ↳ app/views/posts/index.html.erb:15
  Rendered posts/index.html.erb within layouts/application (Duration: 3.3ms | Allocations: 725)
[Webpacker] Everything's up-to-date. Nothing to do
  Rendered layout layouts/application.html.erb (Duration: 13.7ms | Allocations: 4091)
Completed 200 OK in 17ms (Views: 14.7ms | ActiveRecord: 0.1ms | Allocations: 4485)


Started GET "/" for 127.0.0.1 at 2020-12-18 14:15:51 -0500
  [1m[35m (13.3ms)[0m  [1m[34mSELECT sqlite_version(*)[0m
  [1m[35m (0.3ms)[0m  [1m[34mSELECT "schema_migrations"."version" FROM "schema_migrations" ORDER BY "schema_migrations"."version" ASC[0m
Processing by PostsController#index as HTML
  Rendering layout layouts/application.html.erb
  Rendering posts/index.html.erb within layouts/application
  [1m[36mPost Load (0.2ms)[0m  [1m[34mSELECT "posts".* FROM "posts"[0m
  ↳ app/views/posts/index.html.erb:15
  Rendered posts/index.html.erb within layouts/application (Duration: 17.8ms | Allocations: 1251)
[Webpacker] Everything's up-to-date. Nothing to do
  Rendered layout layouts/application.html.erb (Duration: 181.2ms | Allocations: 17340)
Completed 200 OK in 262ms (Views: 212.8ms | ActiveRecord: 0.2ms | Allocations: 21315)


Started GET "/users/sign_in" for 127.0.0.1 at 2020-12-18 14:16:01 -0500
Processing by Users::SessionsController#new as HTML
  Rendering layout layouts/application.html.erb
  Rendering devise/sessions/new.html.erb within layouts/application
  Rendered devise/shared/_links.html.erb (Duration: 14.3ms | Allocations: 606)
  Rendered devise/sessions/new.html.erb within layouts/application (Duration: 303.9ms | Allocations: 25310)
[Webpacker] Everything's up-to-date. Nothing to do
  Rendered layout layouts/application.html.erb (Duration: 328.6ms | Allocations: 28268)
Completed 200 OK in 389ms (Views: 345.4ms | ActiveRecord: 1.1ms | Allocations: 35395)


Started GET "/posts" for ::1 at 2020-12-18 20:35:26 +0100
  [1m[35m (13.2ms)[0m  [1m[34mSELECT sqlite_version(*)[0m
  [1m[35m (0.7ms)[0m  [1m[34mSELECT "schema_migrations"."version" FROM "schema_migrations" ORDER BY "schema_migrations"."version" ASC[0m

SyntaxError - syntax error, unexpected ':', expecting `end'
  before_action : authenticate_user!, only: [:...
                ^:
  app/controllers/posts_controller.rb:3:in `'

Started POST "/__better_errors/9995e5ac4fd57328/variables" for ::1 at 2020-12-18 20:35:28 +0100
Started GET "/posts" for ::1 at 2020-12-18 20:36:13 +0100
Processing by PostsController#index as HTML
  Rendering layout layouts/application.html.erb
  Rendering posts/index.html.erb within layouts/application
  [1m[35m (0.2ms)[0m  [1m[34mSELECT sqlite_version(*)[0m
  ↳ app/views/posts/index.html.erb:15
  [1m[36mPost Load (7.5ms)[0m  [1m[34mSELECT "posts".* FROM "posts"[0m
  ↳ app/views/posts/index.html.erb:15
  Rendered posts/index.html.erb within layouts/application (Duration: 33.6ms | Allocations: 1864)
[Webpacker] Everything's up-to-date. Nothing to do
  Rendered layout layouts/application.html.erb (Duration: 109.8ms | Allocations: 7702)
Completed 200 OK in 276ms (Views: 150.8ms | ActiveRecord: 8.1ms | Allocations: 10602)


Started GET "/posts/new" for ::1 at 2020-12-18 20:36:28 +0100
Processing by PostsController#new as HTML
Completed 401 Unauthorized in 37ms (ActiveRecord: 0.0ms | Allocations: 856)


Started GET "/users/sign_in" for ::1 at 2020-12-18 20:36:28 +0100
Processing by Users::SessionsController#new as HTML
  Rendering layout layouts/application.html.erb
  Rendering devise/sessions/new.html.erb within layouts/application
  Rendered devise/shared/_links.html.erb (Duration: 3.3ms | Allocations: 611)
  Rendered devise/sessions/new.html.erb within layouts/application (Duration: 202.7ms | Allocations: 20642)
[Webpacker] Everything's up-to-date. Nothing to do
  Rendered layout layouts/application.html.erb (Duration: 212.9ms | Allocations: 23939)
Completed 200 OK in 257ms (Views: 222.5ms | ActiveRecord: 1.4ms | Allocations: 31196)


Started GET "/posts/new" for ::1 at 2020-12-18 20:36:42 +0100
Processing by PostsController#new as HTML
Completed 401 Unauthorized in 1ms (ActiveRecord: 0.0ms | Allocations: 235)


Started GET "/users/sign_in" for ::1 at 2020-12-18 20:36:42 +0100
Processing by Users::SessionsController#new as HTML
  Rendering layout layouts/application.html.erb
  Rendering devise/sessions/new.html.erb within layouts/application
  Rendered devise/shared/_links.html.erb (Duration: 0.7ms | Allocations: 150)
  Rendered devise/sessions/new.html.erb within layouts/application (Duration: 37.3ms | Allocations: 8717)
[Webpacker] Everything's up-to-date. Nothing to do
  Rendered layout layouts/application.html.erb (Duration: 53.0ms | Allocations: 12145)
Completed 200 OK in 84ms (Views: 82.1ms | ActiveRecord: 0.0ms | Allocations: 13271)


Started GET "/posts/new" for ::1 at 2020-12-18 20:36:48 +0100
Processing by PostsController#new as HTML
Completed 401 Unauthorized in 1ms (ActiveRecord: 0.0ms | Allocations: 235)


Started GET "/users/sign_in" for ::1 at 2020-12-18 20:36:48 +0100
Processing by Users::SessionsController#new as HTML
  Rendering layout layouts/application.html.erb
  Rendering devise/sessions/new.html.erb within layouts/application
  Rendered devise/shared/_links.html.erb (Duration: 0.6ms | Allocations: 150)
  Rendered devise/sessions/new.html.erb within layouts/application (Duration: 49.9ms | Allocations: 8706)
[Webpacker] Everything's up-to-date. Nothing to do
  Rendered layout layouts/application.html.erb (Duration: 62.0ms | Allocations: 12000)
Completed 200 OK in 66ms (Views: 63.3ms | ActiveRecord: 0.0ms | Allocations: 12640)


Started GET "/posts/new" for ::1 at 2020-12-18 20:37:40 +0100
Processing by PostsController#new as HTML
Completed 401 Unauthorized in 1ms (ActiveRecord: 0.0ms | Allocations: 233)


Started GET "/users/sign_in" for ::1 at 2020-12-18 20:37:40 +0100
Processing by Users::SessionsController#new as HTML
  Rendering layout layouts/application.html.erb
  Rendering devise/sessions/new.html.erb within layouts/application
  Rendered devise/shared/_links.html.erb (Duration: 1.2ms | Allocations: 150)
  Rendered devise/sessions/new.html.erb within layouts/application (Duration: 34.4ms | Allocations: 8703)
[Webpacker] Everything's up-to-date. Nothing to do
  Rendered layout layouts/application.html.erb (Duration: 44.2ms | Allocations: 11999)
Completed 200 OK in 47ms (Views: 45.5ms | ActiveRecord: 0.0ms | Allocations: 12627)


Started GET "/posts/new" for ::1 at 2020-12-18 20:37:45 +0100
Processing by PostsController#new as HTML
Completed 401 Unauthorized in 2ms (ActiveRecord: 0.0ms | Allocations: 233)


Started GET "/users/sign_in" for ::1 at 2020-12-18 20:37:45 +0100
Processing by Users::SessionsController#new as HTML
  Rendering layout layouts/application.html.erb
  Rendering devise/sessions/new.html.erb within layouts/application
  Rendered devise/shared/_links.html.erb (Duration: 0.8ms | Allocations: 150)
  Rendered devise/sessions/new.html.erb within layouts/application (Duration: 41.4ms | Allocations: 9316)
[Webpacker] Everything's up-to-date. Nothing to do
  Rendered layout layouts/application.html.erb (Duration: 61.7ms | Allocations: 12609)
Completed 200 OK in 75ms (Views: 69.0ms | ActiveRecord: 0.0ms | Allocations: 13949)


Started GET "/posts/new" for ::1 at 2020-12-18 20:37:52 +0100
Processing by PostsController#new as HTML
Completed 401 Unauthorized in 1ms (ActiveRecord: 0.0ms | Allocations: 233)


Started GET "/users/sign_in" for ::1 at 2020-12-18 20:37:52 +0100
Processing by Users::SessionsController#new as HTML
  Rendering layout layouts/application.html.erb
  Rendering devise/sessions/new.html.erb within layouts/application
  Rendered devise/shared/_links.html.erb (Duration: 1.1ms | Allocations: 150)
  Rendered devise/sessions/new.html.erb within layouts/application (Duration: 37.3ms | Allocations: 8717)
[Webpacker] Everything's up-to-date. Nothing to do
  Rendered layout layouts/application.html.erb (Duration: 49.8ms | Allocations: 12016)
Completed 200 OK in 53ms (Views: 50.8ms | ActiveRecord: 0.0ms | Allocations: 12644)


Started GET "/posts" for ::1 at 2020-12-18 20:37:55 +0100
Processing by PostsController#index as HTML
  Rendering layout layouts/application.html.erb
  Rendering posts/index.html.erb within layouts/application
  [1m[36mPost Load (0.2ms)[0m  [1m[34mSELECT "posts".* FROM "posts"[0m
  ↳ app/views/posts/index.html.erb:15
  Rendered posts/index.html.erb within layouts/application (Duration: 3.8ms | Allocations: 733)
[Webpacker] Everything's up-to-date. Nothing to do
  Rendered layout layouts/application.html.erb (Duration: 16.8ms | Allocations: 4099)
Completed 200 OK in 19ms (Views: 17.8ms | ActiveRecord: 0.2ms | Allocations: 4500)


Started GET "/posts/new" for ::1 at 2020-12-18 20:40:30 +0100
Processing by PostsController#new as HTML
Completed 401 Unauthorized in 3ms (Allocations: 798)


Started GET "/users/sign_in" for ::1 at 2020-12-18 20:40:31 +0100
Processing by Users::SessionsController#new as HTML
  [1m[35m (0.2ms)[0m  [1m[34mSELECT sqlite_version(*)[0m
  Rendering layout layouts/application.html.erb
  Rendering devise/sessions/new.html.erb within layouts/application
  Rendered devise/shared/_links.html.erb (Duration: 0.6ms | Allocations: 161)
  Rendered devise/sessions/new.html.erb within layouts/application (Duration: 30.3ms | Allocations: 8688)
[Webpacker] Everything's up-to-date. Nothing to do
  Rendered layout layouts/application.html.erb (Duration: 40.4ms | Allocations: 11987)
Completed 200 OK in 68ms (Views: 43.5ms | ActiveRecord: 2.3ms | Allocations: 17606)


Started GET "/posts/new" for ::1 at 2020-12-18 20:40:42 +0100
Processing by PostsController#new as HTML
Completed 401 Unauthorized in 1ms (ActiveRecord: 0.0ms | Allocations: 233)


Started GET "/users/sign_in" for ::1 at 2020-12-18 20:40:43 +0100
Processing by Users::SessionsController#new as HTML
  Rendering layout layouts/application.html.erb
  Rendering devise/sessions/new.html.erb within layouts/application
  Rendered devise/shared/_links.html.erb (Duration: 0.6ms | Allocations: 150)
  Rendered devise/sessions/new.html.erb within layouts/application (Duration: 30.1ms | Allocations: 8712)
[Webpacker] Everything's up-to-date. Nothing to do
  Rendered layout layouts/application.html.erb (Duration: 39.6ms | Allocations: 12009)
Completed 200 OK in 42ms (Views: 40.4ms | ActiveRecord: 0.0ms | Allocations: 12640)


Started GET "/posts/new" for ::1 at 2020-12-18 20:40:51 +0100
Processing by PostsController#new as HTML
Completed 401 Unauthorized in 1ms (ActiveRecord: 0.0ms | Allocations: 233)


Started GET "/users/sign_in" for ::1 at 2020-12-18 20:40:51 +0100
Processing by Users::SessionsController#new as HTML
  Rendering layout layouts/application.html.erb
  Rendering devise/sessions/new.html.erb within layouts/application
  Rendered devise/shared/_links.html.erb (Duration: 0.6ms | Allocations: 150)
  Rendered devise/sessions/new.html.erb within layouts/application (Duration: 31.5ms | Allocations: 8703)
[Webpacker] Everything's up-to-date. Nothing to do
  Rendered layout layouts/application.html.erb (Duration: 41.5ms | Allocations: 11995)
Completed 200 OK in 44ms (Views: 42.4ms | ActiveRecord: 0.0ms | Allocations: 12623)


  [1m[35m (1.3ms)[0m  [1m[34mSELECT sqlite_version(*)[0m
  [1m[35m (2.3ms)[0m  [1m[34mSELECT "schema_migrations"."version" FROM "schema_migrations" ORDER BY "schema_migrations"."version" ASC[0m
  [1m[35m (18.9ms)[0m  [1m[34mSELECT "ar_internal_metadata"."value" FROM "ar_internal_metadata" WHERE "ar_internal_metadata"."key" = ?[0m  [["key", "environment"]]
  [1m[35m (0.2ms)[0m  [1m[34mSELECT "schema_migrations"."version" FROM "schema_migrations" ORDER BY "schema_migrations"."version" ASC[0m
  [1m[35m (0.2ms)[0m  [1m[34mSELECT "ar_internal_metadata"."value" FROM "ar_internal_metadata" WHERE "ar_internal_metadata"."key" = ?[0m  [["key", "environment"]]
  [1m[35m (0.1ms)[0m  [1m[34mSELECT "schema_migrations"."version" FROM "schema_migrations" ORDER BY "schema_migrations"."version" ASC[0m
  [1m[35m (0.2ms)[0m  [1m[34mSELECT "ar_internal_metadata"."value" FROM "ar_internal_metadata" WHERE "ar_internal_metadata"."key" = ?[0m  [["key", "environment"]]
  [1m[35m (1.5ms)[0m  [1m[34mSELECT sqlite_version(*)[0m
  [1m[35m (132.1ms)[0m  [1m[35mCREATE TABLE "schema_migrations" ("version" varchar NOT NULL PRIMARY KEY)[0m
  [1m[35m (128.4ms)[0m  [1m[35mCREATE TABLE "ar_internal_metadata" ("key" varchar NOT NULL PRIMARY KEY, "value" varchar, "created_at" datetime(6) NOT NULL, "updated_at" datetime(6) NOT NULL)[0m
  [1m[35m (0.3ms)[0m  [1m[34mSELECT "schema_migrations"."version" FROM "schema_migrations" ORDER BY "schema_migrations"."version" ASC[0m
Migrating to DeviseCreateUsers (20201218173340)
  [1m[36mTRANSACTION (0.2ms)[0m  [1m[36mbegin transaction[0m
  [1m[35m (4.4ms)[0m  [1m[35mCREATE TABLE "users" ("id" integer PRIMARY KEY AUTOINCREMENT NOT NULL, "email" varchar DEFAULT '' NOT NULL, "encrypted_password" varchar DEFAULT '' NOT NULL, "reset_password_token" varchar, "reset_password_sent_at" datetime, "remember_created_at" datetime, "created_at" datetime(6) NOT NULL, "updated_at" datetime(6) NOT NULL)[0m
  [1m[35m (0.6ms)[0m  [1m[35mCREATE UNIQUE INDEX "index_users_on_email" ON "users" ("email")[0m
  [1m[35m (0.5ms)[0m  [1m[35mCREATE UNIQUE INDEX "index_users_on_reset_password_token" ON "users" ("reset_password_token")[0m
  [1m[36mActiveRecord::SchemaMigration Create (0.5ms)[0m  [1m[32mINSERT INTO "schema_migrations" ("version") VALUES (?)[0m  [["version", "20201218173340"]]
  [1m[36mTRANSACTION (105.5ms)[0m  [1m[36mcommit transaction[0m
Migrating to CreatePosts (20201218173629)
  [1m[36mTRANSACTION (0.1ms)[0m  [1m[36mbegin transaction[0m
  [1m[35m (0.7ms)[0m  [1m[35mCREATE TABLE "posts" ("id" integer PRIMARY KEY AUTOINCREMENT NOT NULL, "title" varchar, "body" text, "user_id" integer NOT NULL, "created_at" datetime(6) NOT NULL, "updated_at" datetime(6) NOT NULL, CONSTRAINT "fk_rails_5b5ddfd518"
FOREIGN KEY ("user_id")
  REFERENCES "users" ("id")
)[0m
  [1m[35m (0.5ms)[0m  [1m[35mCREATE INDEX "index_posts_on_user_id" ON "posts" ("user_id")[0m
  [1m[36mActiveRecord::SchemaMigration Create (1.0ms)[0m  [1m[32mINSERT INTO "schema_migrations" ("version") VALUES (?)[0m  [["version", "20201218173629"]]
  [1m[36mTRANSACTION (109.3ms)[0m  [1m[36mcommit transaction[0m
  [1m[36mActiveRecord::InternalMetadata Load (0.4ms)[0m  [1m[34mSELECT "ar_internal_metadata".* FROM "ar_internal_metadata" WHERE "ar_internal_metadata"."key" = ? LIMIT ?[0m  [["key", "environment"], ["LIMIT", 1]]
  [1m[36mTRANSACTION (0.1ms)[0m  [1m[36mbegin transaction[0m
  [1m[36mActiveRecord::InternalMetadata Create (2.2ms)[0m  [1m[32mINSERT INTO "ar_internal_metadata" ("key", "value", "created_at", "updated_at") VALUES (?, ?, ?, ?)[0m  [["key", "environment"], ["value", "development"], ["created_at", "2020-12-18 19:45:11.542135"], ["updated_at", "2020-12-18 19:45:11.542135"]]
  [1m[36mTRANSACTION (81.5ms)[0m  [1m[36mcommit transaction[0m
  [1m[35m (0.1ms)[0m  [1m[34mSELECT sqlite_version(*)[0m
  [1m[35m (0.2ms)[0m  [1m[34mSELECT "schema_migrations"."version" FROM "schema_migrations" ORDER BY "schema_migrations"."version" ASC[0m
  [1m[35m (1.2ms)[0m  [1m[34mSELECT sqlite_version(*)[0m
  [1m[35m (0.4ms)[0m  [1m[34mSELECT "schema_migrations"."version" FROM "schema_migrations" ORDER BY "schema_migrations"."version" ASC[0m
Migrating to AddFieldsToUsers (20201218195722)
  [1m[36mTRANSACTION (0.1ms)[0m  [1m[36mbegin transaction[0m
  [1m[35m (0.9ms)[0m  [1m[35mALTER TABLE "users" ADD "name" varchar[0m
  [1m[35m (0.5ms)[0m  [1m[35mALTER TABLE "users" ADD "username" varchar[0m
  [1m[35m (0.6ms)[0m  [1m[35mCREATE UNIQUE INDEX "index_users_on_username" ON "users" ("username")[0m
  [1m[36mActiveRecord::SchemaMigration Create (0.5ms)[0m  [1m[32mINSERT INTO "schema_migrations" ("version") VALUES (?)[0m  [["version", "20201218195722"]]
  [1m[36mTRANSACTION (118.3ms)[0m  [1m[36mcommit transaction[0m
  [1m[36mActiveRecord::InternalMetadata Load (0.5ms)[0m  [1m[34mSELECT "ar_internal_metadata".* FROM "ar_internal_metadata" WHERE "ar_internal_metadata"."key" = ? LIMIT ?[0m  [["key", "environment"], ["LIMIT", 1]]
  [1m[35m (0.2ms)[0m  [1m[34mSELECT sqlite_version(*)[0m
  [1m[35m (0.2ms)[0m  [1m[34mSELECT "schema_migrations"."version" FROM "schema_migrations" ORDER BY "schema_migrations"."version" ASC[0m
Started GET "/" for ::1 at 2020-12-18 21:06:20 +0100
  [1m[35m (1.2ms)[0m  [1m[34mSELECT sqlite_version(*)[0m
  [1m[35m (0.4ms)[0m  [1m[34mSELECT "schema_migrations"."version" FROM "schema_migrations" ORDER BY "schema_migrations"."version" ASC[0m
Processing by PostsController#index as HTML
  Rendering layout layouts/application.html.erb
  Rendering posts/index.html.erb within layouts/application
  [1m[36mPost Load (0.3ms)[0m  [1m[34mSELECT "posts".* FROM "posts"[0m
  ↳ app/views/posts/index.html.erb:15
  Rendered posts/index.html.erb within layouts/application (Duration: 17.9ms | Allocations: 1152)
[Webpacker] Everything's up-to-date. Nothing to do
  Rendered layout layouts/application.html.erb (Duration: 36.8ms | Allocations: 7016)
Completed 200 OK in 93ms (Views: 41.4ms | ActiveRecord: 0.3ms | Allocations: 10712)


Started GET "/" for ::1 at 2020-12-18 21:07:59 +0100
Processing by PostsController#index as HTML
  Rendering layout layouts/application.html.erb
  Rendering posts/index.html.erb within layouts/application
  [1m[35m (0.2ms)[0m  [1m[34mSELECT sqlite_version(*)[0m
  ↳ app/views/posts/index.html.erb:15
  [1m[36mPost Load (0.4ms)[0m  [1m[34mSELECT "posts".* FROM "posts"[0m
  ↳ app/views/posts/index.html.erb:15
  Rendered posts/index.html.erb within layouts/application (Duration: 9.2ms | Allocations: 1457)
[Webpacker] Everything's up-to-date. Nothing to do
  Rendered layout layouts/application.html.erb (Duration: 19.0ms | Allocations: 4801)
Completed 200 OK in 26ms (Views: 21.7ms | ActiveRecord: 1.1ms | Allocations: 5706)


Started GET "/users/sign_up" for ::1 at 2020-12-18 21:08:12 +0100
Processing by Devise::RegistrationsController#new as HTML
  Rendering layout layouts/application.html.erb
  Rendering devise/registrations/new.html.erb within layouts/application
  Rendered devise/shared/_links.html.erb (Duration: 1.3ms | Allocations: 533)
  Rendered devise/registrations/new.html.erb within layouts/application (Duration: 100.1ms | Allocations: 19591)
[Webpacker] Everything's up-to-date. Nothing to do
  Rendered layout layouts/application.html.erb (Duration: 107.7ms | Allocations: 22886)
Completed 200 OK in 146ms (Views: 114.6ms | ActiveRecord: 2.4ms | Allocations: 29497)


Started POST "/users" for ::1 at 2020-12-18 21:08:40 +0100
Processing by Devise::RegistrationsController#create as HTML
  Parameters: {"authenticity_token"=>"[FILTERED]", "user"=>{"name"=>"che", "username"=>"nsoh", "email"=>"che.blancoo58@gmail.com", "password"=>"[FILTERED]", "password_confirmation"=>"[FILTERED]"}, "commit"=>"Sign up"}
[31mUnpermitted parameters: :name, :username[0m
  [1m[36mTRANSACTION (0.2ms)[0m  [1m[36mbegin transaction[0m
  [1m[36mUser Exists? (0.5ms)[0m  [1m[34mSELECT 1 AS one FROM "users" WHERE "users"."email" = ? LIMIT ?[0m  [["email", "che.blancoo58@gmail.com"], ["LIMIT", 1]]
  [1m[36mUser Create (0.7ms)[0m  [1m[32mINSERT INTO "users" ("email", "encrypted_password", "created_at", "updated_at") VALUES (?, ?, ?, ?)[0m  [["email", "che.blancoo58@gmail.com"], ["encrypted_password", "$2a$12$cwjoM42r5G9liqOx7uIUCe2fW97bW4ReuOJbroQYO9g.g7KTmsJc2"], ["created_at", "2020-12-18 20:08:40.737526"], ["updated_at", "2020-12-18 20:08:40.737526"]]
  [1m[36mTRANSACTION (93.4ms)[0m  [1m[36mcommit transaction[0m
Redirected to http://localhost:3000/posts/new
Completed 302 Found in 643ms (ActiveRecord: 94.8ms | Allocations: 13435)


Started GET "/posts/new" for ::1 at 2020-12-18 21:08:40 +0100
Processing by PostsController#new as HTML
  [1m[36mUser Load (0.4ms)[0m  [1m[34mSELECT "users".* FROM "users" WHERE "users"."id" = ? ORDER BY "users"."id" ASC LIMIT ?[0m  [["id", 1], ["LIMIT", 1]]
  Rendering layout layouts/application.html.erb
  Rendering posts/new.html.erb within layouts/application
  Rendered posts/_form.html.erb (Duration: 34.2ms | Allocations: 1398)
  Rendered posts/new.html.erb within layouts/application (Duration: 52.3ms | Allocations: 1743)
[Webpacker] Everything's up-to-date. Nothing to do
  Rendered layout layouts/application.html.erb (Duration: 64.9ms | Allocations: 5054)
Completed 200 OK in 179ms (Views: 66.4ms | ActiveRecord: 1.7ms | Allocations: 14990)


Started POST "/posts" for ::1 at 2020-12-18 21:09:10 +0100
Processing by PostsController#create as HTML
  Parameters: {"authenticity_token"=>"[FILTERED]", "post"=>{"title"=>"first new post", "body"=>"text of first new post "}, "commit"=>"Create Post"}
  [1m[36mUser Load (0.3ms)[0m  [1m[34mSELECT "users".* FROM "users" WHERE "users"."id" = ? ORDER BY "users"."id" ASC LIMIT ?[0m  [["id", 1], ["LIMIT", 1]]
  [1m[36mTRANSACTION (0.2ms)[0m  [1m[36mbegin transaction[0m
  ↳ app/controllers/posts_controller.rb:31:in `block in create'
  [1m[36mPost Create (2.4ms)[0m  [1m[32mINSERT INTO "posts" ("title", "body", "user_id", "created_at", "updated_at") VALUES (?, ?, ?, ?, ?)[0m  [["title", "first new post"], ["body", "text of first new post "], ["user_id", 1], ["created_at", "2020-12-18 20:09:10.657509"], ["updated_at", "2020-12-18 20:09:10.657509"]]
  ↳ app/controllers/posts_controller.rb:31:in `block in create'
  [1m[36mTRANSACTION (450.2ms)[0m  [1m[36mcommit transaction[0m
  ↳ app/controllers/posts_controller.rb:31:in `block in create'
Completed 500 Internal Server Error in 484ms (ActiveRecord: 453.1ms | Allocations: 9494)



NameError - undefined local variable or method `root' for #<PostsController:0x0000000000b568>:
  app/controllers/posts_controller.rb:32:in `block (2 levels) in create'
  app/controllers/posts_controller.rb:30:in `create'

Started POST "/__better_errors/c649b997dc965953/variables" for ::1 at 2020-12-18 21:09:11 +0100
Started POST "/posts" for ::1 at 2020-12-18 21:09:34 +0100
Processing by PostsController#create as HTML
  Parameters: {"authenticity_token"=>"[FILTERED]", "post"=>{"title"=>"first new post", "body"=>"text of first new post "}, "commit"=>"Create Post"}
  [1m[35m (0.2ms)[0m  [1m[34mSELECT sqlite_version(*)[0m
  [1m[36mUser Load (0.6ms)[0m  [1m[34mSELECT "users".* FROM "users" WHERE "users"."id" = ? ORDER BY "users"."id" ASC LIMIT ?[0m  [["id", 1], ["LIMIT", 1]]
  [1m[36mTRANSACTION (0.2ms)[0m  [1m[36mbegin transaction[0m
  ↳ app/controllers/posts_controller.rb:31:in `block in create'
  [1m[36mPost Create (0.7ms)[0m  [1m[32mINSERT INTO "posts" ("title", "body", "user_id", "created_at", "updated_at") VALUES (?, ?, ?, ?, ?)[0m  [["title", "first new post"], ["body", "text of first new post "], ["user_id", 1], ["created_at", "2020-12-18 20:09:34.999544"], ["updated_at", "2020-12-18 20:09:34.999544"]]
  ↳ app/controllers/posts_controller.rb:31:in `block in create'
  [1m[36mTRANSACTION (94.7ms)[0m  [1m[36mcommit transaction[0m
  ↳ app/controllers/posts_controller.rb:31:in `block in create'
Redirected to http://localhost:3000/
Completed 302 Found in 173ms (ActiveRecord: 100.6ms | Allocations: 16347)


Started GET "/" for ::1 at 2020-12-18 21:09:35 +0100
Processing by PostsController#index as HTML
  Rendering layout layouts/application.html.erb
  Rendering posts/index.html.erb within layouts/application
  [1m[36mPost Load (0.4ms)[0m  [1m[34mSELECT "posts".* FROM "posts"[0m
  ↳ app/views/posts/index.html.erb:15
  Rendered posts/index.html.erb within layouts/application (Duration: 33.5ms | Allocations: 4900)
  Rendered layout layouts/application.html.erb (Duration: 35.1ms | Allocations: 5098)
Completed 500 Internal Server Error in 39ms (ActiveRecord: 0.4ms | Allocations: 5695)



NoMethodError - undefined method `edit_post_path' for #<ActionView::Base:0x0000000000cad0>
Did you mean?  edit_password_path:
  app/views/posts/index.html.erb:20
  app/views/posts/index.html.erb:15

Started POST "/__better_errors/a3400e263587a6fb/variables" for ::1 at 2020-12-18 21:09:35 +0100
Started GET "/" for ::1 at 2020-12-18 21:10:55 +0100
Processing by PostsController#index as HTML
  Rendering layout layouts/application.html.erb
  Rendering posts/index.html.erb within layouts/application
  [1m[35m (0.2ms)[0m  [1m[34mSELECT sqlite_version(*)[0m
  ↳ app/views/posts/index.html.erb:15
  [1m[36mPost Load (0.4ms)[0m  [1m[34mSELECT "posts".* FROM "posts"[0m
  ↳ app/views/posts/index.html.erb:15
  Rendered posts/index.html.erb within layouts/application (Duration: 31.0ms | Allocations: 4581)
[Webpacker] Everything's up-to-date. Nothing to do
  Rendered layout layouts/application.html.erb (Duration: 48.3ms | Allocations: 8129)
Completed 200 OK in 59ms (Views: 55.1ms | ActiveRecord: 3.9ms | Allocations: 9729)


Started GET "/posts/new" for ::1 at 2020-12-18 21:11:05 +0100
Processing by PostsController#new as HTML
  [1m[36mUser Load (0.5ms)[0m  [1m[34mSELECT "users".* FROM "users" WHERE "users"."id" = ? ORDER BY "users"."id" ASC LIMIT ?[0m  [["id", 1], ["LIMIT", 1]]
  Rendering layout layouts/application.html.erb
  Rendering posts/new.html.erb within layouts/application
  Rendered posts/_form.html.erb (Duration: 4.6ms | Allocations: 1029)
  Rendered posts/new.html.erb within layouts/application (Duration: 6.5ms | Allocations: 1372)
[Webpacker] Everything's up-to-date. Nothing to do
  Rendered layout layouts/application.html.erb (Duration: 14.6ms | Allocations: 4684)
Completed 200 OK in 58ms (Views: 15.5ms | ActiveRecord: 2.8ms | Allocations: 13018)


Started GET "/posts/new" for ::1 at 2020-12-18 21:11:10 +0100
Processing by PostsController#new as HTML
  [1m[36mUser Load (0.3ms)[0m  [1m[34mSELECT "users".* FROM "users" WHERE "users"."id" = ? ORDER BY "users"."id" ASC LIMIT ?[0m  [["id", 1], ["LIMIT", 1]]
  Rendering layout layouts/application.html.erb
  Rendering posts/new.html.erb within layouts/application
  Rendered posts/_form.html.erb (Duration: 3.9ms | Allocations: 677)
  Rendered posts/new.html.erb within layouts/application (Duration: 4.7ms | Allocations: 784)
[Webpacker] Everything's up-to-date. Nothing to do
  Rendered layout layouts/application.html.erb (Duration: 18.7ms | Allocations: 4155)
Completed 200 OK in 34ms (Views: 22.4ms | ActiveRecord: 0.3ms | Allocations: 5843)


Started GET "/" for ::1 at 2020-12-18 21:11:16 +0100
Processing by PostsController#index as HTML
  Rendering layout layouts/application.html.erb
  Rendering posts/index.html.erb within layouts/application
  [1m[36mPost Load (0.8ms)[0m  [1m[34mSELECT "posts".* FROM "posts"[0m
  ↳ app/views/posts/index.html.erb:15
  Rendered posts/index.html.erb within layouts/application (Duration: 6.7ms | Allocations: 749)
[Webpacker] Everything's up-to-date. Nothing to do
  Rendered layout layouts/application.html.erb (Duration: 18.8ms | Allocations: 4111)
Completed 200 OK in 21ms (Views: 19.1ms | ActiveRecord: 0.8ms | Allocations: 4512)


Started GET "/posts/new" for ::1 at 2020-12-18 21:11:59 +0100
Processing by PostsController#new as HTML
  [1m[36mUser Load (0.2ms)[0m  [1m[34mSELECT "users".* FROM "users" WHERE "users"."id" = ? ORDER BY "users"."id" ASC LIMIT ?[0m  [["id", 1], ["LIMIT", 1]]
  Rendering layout layouts/application.html.erb
  Rendering posts/new.html.erb within layouts/application
  Rendered posts/_form.html.erb (Duration: 5.6ms | Allocations: 979)
  Rendered posts/new.html.erb within layouts/application (Duration: 10.4ms | Allocations: 1317)
[Webpacker] Everything's up-to-date. Nothing to do
  Rendered layout layouts/application.html.erb (Duration: 26.8ms | Allocations: 5543)
Completed 200 OK in 49ms (Views: 32.4ms | ActiveRecord: 0.2ms | Allocations: 8035)


Started GET "/posts/new" for ::1 at 2020-12-18 21:12:03 +0100
Processing by PostsController#new as HTML
  [1m[36mUser Load (0.2ms)[0m  [1m[34mSELECT "users".* FROM "users" WHERE "users"."id" = ? ORDER BY "users"."id" ASC LIMIT ?[0m  [["id", 1], ["LIMIT", 1]]
  Rendering layout layouts/application.html.erb
  Rendering posts/new.html.erb within layouts/application
  Rendered posts/_form.html.erb (Duration: 3.0ms | Allocations: 683)
  Rendered posts/new.html.erb within layouts/application (Duration: 3.6ms | Allocations: 791)
[Webpacker] Everything's up-to-date. Nothing to do
  Rendered layout layouts/application.html.erb (Duration: 17.6ms | Allocations: 4146)
Completed 200 OK in 25ms (Views: 19.4ms | ActiveRecord: 0.2ms | Allocations: 5837)


Started POST "/posts" for ::1 at 2020-12-18 21:12:27 +0100
Processing by PostsController#create as HTML
  Parameters: {"authenticity_token"=>"[FILTERED]", "post"=>{"title"=>"third  post ", "body"=>"text for third post"}, "commit"=>"Create Post"}
  [1m[36mUser Load (0.4ms)[0m  [1m[34mSELECT "users".* FROM "users" WHERE "users"."id" = ? ORDER BY "users"."id" ASC LIMIT ?[0m  [["id", 1], ["LIMIT", 1]]
  [1m[36mTRANSACTION (0.2ms)[0m  [1m[36mbegin transaction[0m
  ↳ app/controllers/posts_controller.rb:25:in `block in create'
  [1m[36mPost Create (0.9ms)[0m  [1m[32mINSERT INTO "posts" ("title", "body", "user_id", "created_at", "updated_at") VALUES (?, ?, ?, ?, ?)[0m  [["title", "third  post "], ["body", "text for third post"], ["user_id", 1], ["created_at", "2020-12-18 20:12:27.890115"], ["updated_at", "2020-12-18 20:12:27.890115"]]
  ↳ app/controllers/posts_controller.rb:25:in `block in create'
  [1m[36mTRANSACTION (191.3ms)[0m  [1m[36mcommit transaction[0m
  ↳ app/controllers/posts_controller.rb:25:in `block in create'
Redirected to http://localhost:3000/
Completed 302 Found in 214ms (ActiveRecord: 192.8ms | Allocations: 6283)


Started GET "/" for ::1 at 2020-12-18 21:12:28 +0100
Processing by PostsController#index as HTML
  Rendering layout layouts/application.html.erb
  Rendering posts/index.html.erb within layouts/application
  [1m[36mPost Load (0.2ms)[0m  [1m[34mSELECT "posts".* FROM "posts"[0m
  ↳ app/views/posts/index.html.erb:15
  Rendered posts/index.html.erb within layouts/application (Duration: 5.9ms | Allocations: 962)
[Webpacker] Everything's up-to-date. Nothing to do
  Rendered layout layouts/application.html.erb (Duration: 17.8ms | Allocations: 4321)
Completed 200 OK in 21ms (Views: 18.8ms | ActiveRecord: 0.2ms | Allocations: 4859)


